<?xml version="1.0" encoding="UTF-8"?>
<!-- Generated by org.testng.reporters.JUnitReportReporter -->
<testsuite hostname="USLH103805" failures="0" tests="1" name="testing.TestNGBasics" time="4.327" errors="0" timestamp="2021-03-17T06:16:46 CDT" skipped="0">
  <testcase classname="testing.TestNGBasics" name="userLogin" time="4.327"/>
  <system-out/>
</testsuite> <!-- testing.TestNGBasics -->
